<?xml version="1.0" encoding="UTF-8"?>
<testsuite xmlns:xsi="http://www.w3.org/2001/XMLSchema-instance" xsi:noNamespaceSchemaLocation="https://maven.apache.org/surefire/maven-surefire-plugin/xsd/surefire-test-report.xsd" name="testsCourier.CreateTest" time="17.989" tests="5" errors="0" skipped="0" failures="0">
  <properties>
[...]
</properties>
  <testcase name="courierCanNotBeCreatedWithoutPassword" classname="testsCourier.CreateTest" time="6.06"/>
  <testcase name="courierCanNotBeCreatedWithSameLogin" classname="testsCourier.CreateTest" time="2.595"/>
  <testcase name="courierCanNotBeCreatedWithoutLogin" classname="testsCourier.CreateTest" time="2.006"/>
  <testcase name="courierCanNotBeCreatedWithoutLoginAndPassword" classname="testsCourier.CreateTest" time="1.997"/>
  <testcase name="courierCanBeCreated" classname="testsCourier.CreateTest" time="5.014"/>
</testsuite>